Performing C SOURCE FILE Test CMAKE_HAVE_LIBC_PTHREAD failed with the following output:
Change Dir: /mnt/c/Users/axrem/Documents/ZZ3/C++/tp_1/build/CMakeFiles/CMakeTmp

Run Build Command(s):/usr/bin/make cmTC_35568/fast && /usr/bin/make -f CMakeFiles/cmTC_35568.dir/build.make CMakeFiles/cmTC_35568.dir/build
make[1]: Entering directory '/mnt/c/Users/axrem/Documents/ZZ3/C++/tp_1/build/CMakeFiles/CMakeTmp'
Building C object CMakeFiles/cmTC_35568.dir/src.c.o
/usr/bin/cc   -DCMAKE_HAVE_LIBC_PTHREAD   -o CMakeFiles/cmTC_35568.dir/src.c.o   -c /mnt/c/Users/axrem/Documents/ZZ3/C++/tp_1/build/CMakeFiles/CMakeTmp/src.c
Linking C executable cmTC_35568
/usr/bin/cmake -E cmake_link_script CMakeFiles/cmTC_35568.dir/link.txt --verbose=1
/usr/bin/cc  -DCMAKE_HAVE_LIBC_PTHREAD    -rdynamic CMakeFiles/cmTC_35568.dir/src.c.o  -o cmTC_35568 
/usr/bin/ld: CMakeFiles/cmTC_35568.dir/src.c.o: in function `main':
src.c:(.text+0x46): undefined reference to `pthread_create'
/usr/bin/ld: src.c:(.text+0x52): undefined reference to `pthread_detach'
/usr/bin/ld: src.c:(.text+0x63): undefined reference to `pthread_join'
collect2: error: ld returned 1 exit status
make[1]: *** [CMakeFiles/cmTC_35568.dir/build.make:87: cmTC_35568] Error 1
make[1]: Leaving directory '/mnt/c/Users/axrem/Documents/ZZ3/C++/tp_1/build/CMakeFiles/CMakeTmp'
make: *** [Makefile:121: cmTC_35568/fast] Error 2


Source file was:
#include <pthread.h>

void* test_func(void* data)
{
  return data;
}

int main(void)
{
  pthread_t thread;
  pthread_create(&thread, NULL, test_func, NULL);
  pthread_detach(thread);
  pthread_join(thread, NULL);
  pthread_atfork(NULL, NULL, NULL);
  pthread_exit(NULL);

  return 0;
}

Determining if the function pthread_create exists in the pthreads failed with the following output:
Change Dir: /mnt/c/Users/axrem/Documents/ZZ3/C++/tp_1/build/CMakeFiles/CMakeTmp

Run Build Command(s):/usr/bin/make cmTC_5d2a6/fast && /usr/bin/make -f CMakeFiles/cmTC_5d2a6.dir/build.make CMakeFiles/cmTC_5d2a6.dir/build
make[1]: Entering directory '/mnt/c/Users/axrem/Documents/ZZ3/C++/tp_1/build/CMakeFiles/CMakeTmp'
Building C object CMakeFiles/cmTC_5d2a6.dir/CheckFunctionExists.c.o
/usr/bin/cc   -DCHECK_FUNCTION_EXISTS=pthread_create   -o CMakeFiles/cmTC_5d2a6.dir/CheckFunctionExists.c.o   -c /usr/share/cmake-3.16/Modules/CheckFunctionExists.c
Linking C executable cmTC_5d2a6
/usr/bin/cmake -E cmake_link_script CMakeFiles/cmTC_5d2a6.dir/link.txt --verbose=1
/usr/bin/cc  -DCHECK_FUNCTION_EXISTS=pthread_create    -rdynamic CMakeFiles/cmTC_5d2a6.dir/CheckFunctionExists.c.o  -o cmTC_5d2a6  -lpthreads 
/usr/bin/ld: cannot find -lpthreads
collect2: error: ld returned 1 exit status
make[1]: *** [CMakeFiles/cmTC_5d2a6.dir/build.make:87: cmTC_5d2a6] Error 1
make[1]: Leaving directory '/mnt/c/Users/axrem/Documents/ZZ3/C++/tp_1/build/CMakeFiles/CMakeTmp'
make: *** [Makefile:121: cmTC_5d2a6/fast] Error 2



Performing C SOURCE FILE Test CMAKE_HAVE_LIBC_PTHREAD failed with the following output:
Change Dir: /mnt/c/Users/axrem/Documents/ZZ3/C++/tp_2/build/CMakeFiles/CMakeTmp

Run Build Command(s):/usr/bin/make cmTC_0da04/fast && make[1]: Entering directory '/mnt/c/Users/axrem/Documents/ZZ3/C++/tp_2/build/CMakeFiles/CMakeTmp'
/usr/bin/make -f CMakeFiles/cmTC_0da04.dir/build.make CMakeFiles/cmTC_0da04.dir/build
make[2]: Entering directory '/mnt/c/Users/axrem/Documents/ZZ3/C++/tp_2/build/CMakeFiles/CMakeTmp'
Building C object CMakeFiles/cmTC_0da04.dir/src.c.o
/usr/bin/cc   -DCMAKE_HAVE_LIBC_PTHREAD   -o CMakeFiles/cmTC_0da04.dir/src.c.o   -c /mnt/c/Users/axrem/Documents/ZZ3/C++/tp_2/build/CMakeFiles/CMakeTmp/src.c
Linking C executable cmTC_0da04
/usr/bin/cmake -E cmake_link_script CMakeFiles/cmTC_0da04.dir/link.txt --verbose=1
/usr/bin/cc  -DCMAKE_HAVE_LIBC_PTHREAD    -rdynamic CMakeFiles/cmTC_0da04.dir/src.c.o  -o cmTC_0da04 
/usr/bin/ld: CMakeFiles/cmTC_0da04.dir/src.c.o: in function `main':
src.c:(.text+0x46): undefined reference to `pthread_create'
/usr/bin/ld: src.c:(.text+0x52): undefined reference to `pthread_detach'
/usr/bin/ld: src.c:(.text+0x63): undefined reference to `pthread_join'
collect2: error: ld returned 1 exit status
make[2]: *** [CMakeFiles/cmTC_0da04.dir/build.make:87: cmTC_0da04] Error 1
make[2]: Leaving directory '/mnt/c/Users/axrem/Documents/ZZ3/C++/tp_2/build/CMakeFiles/CMakeTmp'
make[1]: *** [Makefile:121: cmTC_0da04/fast] Error 2
make[1]: Leaving directory '/mnt/c/Users/axrem/Documents/ZZ3/C++/tp_2/build/CMakeFiles/CMakeTmp'


Source file was:
#include <pthread.h>

void* test_func(void* data)
{
  return data;
}

int main(void)
{
  pthread_t thread;
  pthread_create(&thread, NULL, test_func, NULL);
  pthread_detach(thread);
  pthread_join(thread, NULL);
  pthread_atfork(NULL, NULL, NULL);
  pthread_exit(NULL);

  return 0;
}

Determining if the function pthread_create exists in the pthreads failed with the following output:
Change Dir: /mnt/c/Users/axrem/Documents/ZZ3/C++/tp_2/build/CMakeFiles/CMakeTmp

Run Build Command(s):/usr/bin/make cmTC_36951/fast && make[1]: Entering directory '/mnt/c/Users/axrem/Documents/ZZ3/C++/tp_2/build/CMakeFiles/CMakeTmp'
/usr/bin/make -f CMakeFiles/cmTC_36951.dir/build.make CMakeFiles/cmTC_36951.dir/build
make[2]: Entering directory '/mnt/c/Users/axrem/Documents/ZZ3/C++/tp_2/build/CMakeFiles/CMakeTmp'
Building C object CMakeFiles/cmTC_36951.dir/CheckFunctionExists.c.o
/usr/bin/cc   -DCHECK_FUNCTION_EXISTS=pthread_create   -o CMakeFiles/cmTC_36951.dir/CheckFunctionExists.c.o   -c /usr/share/cmake-3.16/Modules/CheckFunctionExists.c
Linking C executable cmTC_36951
/usr/bin/cmake -E cmake_link_script CMakeFiles/cmTC_36951.dir/link.txt --verbose=1
/usr/bin/cc  -DCHECK_FUNCTION_EXISTS=pthread_create    -rdynamic CMakeFiles/cmTC_36951.dir/CheckFunctionExists.c.o  -o cmTC_36951  -lpthreads 
/usr/bin/ld: cannot find -lpthreads
collect2: error: ld returned 1 exit status
make[2]: *** [CMakeFiles/cmTC_36951.dir/build.make:87: cmTC_36951] Error 1
make[2]: Leaving directory '/mnt/c/Users/axrem/Documents/ZZ3/C++/tp_2/build/CMakeFiles/CMakeTmp'
make[1]: *** [Makefile:121: cmTC_36951/fast] Error 2
make[1]: Leaving directory '/mnt/c/Users/axrem/Documents/ZZ3/C++/tp_2/build/CMakeFiles/CMakeTmp'



